This file contains any messages produced by compilers while
running configure, to aid debugging if configure makes a mistake.

It was created by Xdelta3 configure 3.0.11, which was
generated by GNU Autoconf 2.69.  Invocation command line was

  $ ./configure 

## --------- ##
## Platform. ##
## --------- ##

hostname = DESKTOP-BE1QLFQ
uname -m = x86_64
uname -r = 4.4.0-19041-Microsoft
uname -s = Linux
uname -v = #1237-Microsoft Sat Sep 11 14:32:00 PST 2021

/usr/bin/uname -p = x86_64
/bin/uname -X     = unknown

/bin/arch              = x86_64
/usr/bin/arch -k       = unknown
/usr/convex/getsysinfo = unknown
/usr/bin/hostinfo      = unknown
/bin/machine           = unknown
/usr/bin/oslevel       = unknown
/bin/universe          = unknown

PATH: /usr/local/sbin
PATH: /usr/local/bin
PATH: /usr/sbin
PATH: /usr/bin
PATH: /sbin
PATH: /bin
PATH: /usr/games
PATH: /usr/local/games
PATH: /mnt/c/WINDOWS/system32
PATH: /mnt/c/WINDOWS
PATH: /mnt/c/WINDOWS/System32/Wbem
PATH: /mnt/c/WINDOWS/System32/WindowsPowerShell/v1.0/
PATH: /mnt/c/WINDOWS/System32/OpenSSH/
PATH: /mnt/c/Program Files/Git/cmd
PATH: /mnt/c/Users/James/AppData/Local/Microsoft/WindowsApps
PATH: /mnt/c/Users/James/AppData/Local/Programs/Microsoft VS Code/bin
PATH: /snap/bin


## ----------- ##
## Core tests. ##
## ----------- ##

configure:2597: checking build system type
configure:2611: result: x86_64-unknown-linux-gnu
configure:2631: checking host system type
configure:2644: result: x86_64-unknown-linux-gnu
configure:2685: checking how to print strings
configure:2712: result: printf
configure:2784: checking for gcc
configure:2800: found /usr/bin/gcc
configure:2811: result: gcc
configure:3040: checking for C compiler version
configure:3049: gcc --version >&5
gcc (Ubuntu 11.2.0-19ubuntu1) 11.2.0
Copyright (C) 2021 Free Software Foundation, Inc.
This is free software; see the source for copying conditions.  There is NO
warranty; not even for MERCHANTABILITY or FITNESS FOR A PARTICULAR PURPOSE.

configure:3060: $? = 0
configure:3049: gcc -v >&5
Using built-in specs.
COLLECT_GCC=gcc
COLLECT_LTO_WRAPPER=/usr/lib/gcc/x86_64-linux-gnu/11/lto-wrapper
OFFLOAD_TARGET_NAMES=nvptx-none:amdgcn-amdhsa
OFFLOAD_TARGET_DEFAULT=1
Target: x86_64-linux-gnu
Configured with: ../src/configure -v --with-pkgversion='Ubuntu 11.2.0-19ubuntu1' --with-bugurl=file:///usr/share/doc/gcc-11/README.Bugs --enable-languages=c,ada,c++,go,brig,d,fortran,objc,obj-c++,m2 --prefix=/usr --with-gcc-major-version-only --program-suffix=-11 --program-prefix=x86_64-linux-gnu- --enable-shared --enable-linker-build-id --libexecdir=/usr/lib --without-included-gettext --enable-threads=posix --libdir=/usr/lib --enable-nls --enable-bootstrap --enable-clocale=gnu --enable-libstdcxx-debug --enable-libstdcxx-time=yes --with-default-libstdcxx-abi=new --enable-gnu-unique-object --disable-vtable-verify --enable-plugin --enable-default-pie --with-system-zlib --enable-libphobos-checking=release --with-target-system-zlib=auto --enable-objc-gc=auto --enable-multiarch --disable-werror --enable-cet --with-arch-32=i686 --with-abi=m64 --with-multilib-list=m32,m64,mx32 --enable-multilib --with-tune=generic --enable-offload-targets=nvptx-none=/build/gcc-11-gBFGDP/gcc-11-11.2.0/debian/tmp-nvptx/usr,amdgcn-amdhsa=/build/gcc-11-gBFGDP/gcc-11-11.2.0/debian/tmp-gcn/usr --without-cuda-driver --enable-checking=release --build=x86_64-linux-gnu --host=x86_64-linux-gnu --target=x86_64-linux-gnu --with-build-config=bootstrap-lto-lean --enable-link-serialization=2
Thread model: posix
Supported LTO compression algorithms: zlib zstd
gcc version 11.2.0 (Ubuntu 11.2.0-19ubuntu1) 
... rest of stderr output deleted ...
configure:3060: $? = 0
configure:3049: gcc -V >&5
gcc: error: unrecognized command-line option '-V'
gcc: fatal error: no input files
compilation terminated.
configure:3060: $? = 1
configure:3049: gcc -qversion >&5
gcc: error: unrecognized command-line option '-qversion'; did you mean '--version'?
gcc: fatal error: no input files
compilation terminated.
configure:3060: $? = 1
configure:3080: checking whether the C compiler works
configure:3102: gcc    conftest.c  >&5
configure:3106: $? = 0
configure:3154: result: yes
configure:3157: checking for C compiler default output file name
configure:3159: result: a.out
configure:3165: checking for suffix of executables
configure:3172: gcc -o conftest    conftest.c  >&5
configure:3176: $? = 0
configure:3198: result: 
configure:3220: checking whether we are cross compiling
configure:3228: gcc -o conftest    conftest.c  >&5
configure:3232: $? = 0
configure:3239: ./conftest
configure:3243: $? = 0
configure:3258: result: no
configure:3263: checking for suffix of object files
configure:3285: gcc -c   conftest.c >&5
configure:3289: $? = 0
configure:3310: result: o
configure:3314: checking whether we are using the GNU C compiler
configure:3333: gcc -c   conftest.c >&5
configure:3333: $? = 0
configure:3342: result: yes
configure:3351: checking whether gcc accepts -g
configure:3371: gcc -c -g  conftest.c >&5
configure:3371: $? = 0
configure:3412: result: yes
configure:3429: checking for gcc option to accept ISO C89
configure:3492: gcc  -c -g -O2  conftest.c >&5
configure:3492: $? = 0
configure:3505: result: none needed
configure:3530: checking whether gcc understands -c and -o together
configure:3552: gcc -c conftest.c -o conftest2.o
configure:3555: $? = 0
configure:3552: gcc -c conftest.c -o conftest2.o
configure:3555: $? = 0
configure:3567: result: yes
configure:3584: checking for a sed that does not truncate output
configure:3648: result: /usr/bin/sed
configure:3666: checking for grep that handles long lines and -e
configure:3724: result: /usr/bin/grep
configure:3729: checking for egrep
configure:3791: result: /usr/bin/grep -E
configure:3796: checking for fgrep
configure:3858: result: /usr/bin/grep -F
configure:3893: checking for ld used by gcc
configure:3960: result: /usr/bin/ld
configure:3967: checking if the linker (/usr/bin/ld) is GNU ld
configure:3982: result: yes
configure:3994: checking for BSD- or MS-compatible name lister (nm)
configure:4048: result: /usr/bin/nm -B
configure:4178: checking the name lister (/usr/bin/nm -B) interface
configure:4185: gcc -c -g -O2  conftest.c >&5
configure:4188: /usr/bin/nm -B "conftest.o"
configure:4191: output
0000000000000000 B some_variable
configure:4198: result: BSD nm
configure:4201: checking whether ln -s works
configure:4208: result: no, using cp -pR
configure:4213: checking the maximum length of command line arguments
configure:4344: result: 1572864
configure:4392: checking how to convert x86_64-unknown-linux-gnu file names to x86_64-unknown-linux-gnu format
configure:4432: result: func_convert_file_noop
configure:4439: checking how to convert x86_64-unknown-linux-gnu file names to toolchain format
configure:4459: result: func_convert_file_noop
configure:4466: checking for /usr/bin/ld option to reload object files
configure:4473: result: -r
configure:4547: checking for objdump
configure:4563: found /usr/bin/objdump
configure:4574: result: objdump
configure:4606: checking how to recognize dependent libraries
configure:4806: result: pass_all
configure:4891: checking for dlltool
configure:4921: result: no
configure:4951: checking how to associate runtime and link libraries
configure:4978: result: printf %s\n
configure:5039: checking for ar
configure:5055: found /usr/bin/ar
configure:5066: result: ar
configure:5103: checking for archiver @FILE support
configure:5120: gcc -c -g -O2  conftest.c >&5
configure:5120: $? = 0
configure:5123: ar cru libconftest.a @conftest.lst >&5
ar: `u' modifier ignored since `D' is the default (see `U')
configure:5126: $? = 0
configure:5131: ar cru libconftest.a @conftest.lst >&5
ar: `u' modifier ignored since `D' is the default (see `U')
ar: conftest.o: No such file or directory
configure:5134: $? = 1
configure:5146: result: @
configure:5204: checking for strip
configure:5220: found /usr/bin/strip
configure:5231: result: strip
configure:5303: checking for ranlib
configure:5319: found /usr/bin/ranlib
configure:5330: result: ranlib
configure:5407: checking for gawk
configure:5423: found /usr/bin/gawk
configure:5434: result: gawk
configure:5474: checking command to parse /usr/bin/nm -B output from gcc object
configure:5627: gcc -c -g -O2  conftest.c >&5
configure:5630: $? = 0
configure:5634: /usr/bin/nm -B conftest.o \| sed -n -e 's/^.*[ ]\([ABCDGIRSTW][ABCDGIRSTW]*\)[ ][ ]*\([_A-Za-z][_A-Za-z0-9]*\)$/\1 \2 \2/p' | sed '/ __gnu_lto/d' \> conftest.nm
configure:5637: $? = 0
configure:5703: gcc -o conftest -g -O2   conftest.c conftstm.o >&5
configure:5706: $? = 0
configure:5744: result: ok
configure:5791: checking for sysroot
configure:5821: result: no
configure:5828: checking for a working dd
configure:5866: result: /usr/bin/dd
configure:5870: checking how to truncate binary pipes
configure:5885: result: /usr/bin/dd bs=4096 count=1
configure:6021: gcc -c -g -O2  conftest.c >&5
configure:6024: $? = 0
configure:6214: checking for mt
configure:6230: found /usr/bin/mt
configure:6241: result: mt
configure:6264: checking if mt is a manifest tool
configure:6270: mt '-?'
configure:6278: result: no
configure:6955: checking how to run the C preprocessor
configure:6986: gcc -E  conftest.c
configure:6986: $? = 0
configure:7000: gcc -E  conftest.c
conftest.c:9:10: fatal error: ac_nonexistent.h: No such file or directory
    9 | #include <ac_nonexistent.h>
      |          ^~~~~~~~~~~~~~~~~~
compilation terminated.
configure:7000: $? = 1
configure: failed program was:
| /* confdefs.h */
| #define PACKAGE_NAME "Xdelta3"
| #define PACKAGE_TARNAME "xdelta3"
| #define PACKAGE_VERSION "3.0.11"
| #define PACKAGE_STRING "Xdelta3 3.0.11"
| #define PACKAGE_BUGREPORT "josh.macdonald@gmail.com"
| #define PACKAGE_URL "http://xdelta.org/"
| /* end confdefs.h.  */
| #include <ac_nonexistent.h>
configure:7025: result: gcc -E
configure:7045: gcc -E  conftest.c
configure:7045: $? = 0
configure:7059: gcc -E  conftest.c
conftest.c:9:10: fatal error: ac_nonexistent.h: No such file or directory
    9 | #include <ac_nonexistent.h>
      |          ^~~~~~~~~~~~~~~~~~
compilation terminated.
configure:7059: $? = 1
configure: failed program was:
| /* confdefs.h */
| #define PACKAGE_NAME "Xdelta3"
| #define PACKAGE_TARNAME "xdelta3"
| #define PACKAGE_VERSION "3.0.11"
| #define PACKAGE_STRING "Xdelta3 3.0.11"
| #define PACKAGE_BUGREPORT "josh.macdonald@gmail.com"
| #define PACKAGE_URL "http://xdelta.org/"
| /* end confdefs.h.  */
| #include <ac_nonexistent.h>
configure:7088: checking for ANSI C header files
configure:7108: gcc -c -g -O2  conftest.c >&5
configure:7108: $? = 0
configure:7181: gcc -o conftest -g -O2   conftest.c  >&5
configure:7181: $? = 0
configure:7181: ./conftest
configure:7181: $? = 0
configure:7192: result: yes
configure:7205: checking for sys/types.h
configure:7205: gcc -c -g -O2  conftest.c >&5
configure:7205: $? = 0
configure:7205: result: yes
configure:7205: checking for sys/stat.h
configure:7205: gcc -c -g -O2  conftest.c >&5
configure:7205: $? = 0
configure:7205: result: yes
configure:7205: checking for stdlib.h
configure:7205: gcc -c -g -O2  conftest.c >&5
configure:7205: $? = 0
configure:7205: result: yes
configure:7205: checking for string.h
configure:7205: gcc -c -g -O2  conftest.c >&5
configure:7205: $? = 0
configure:7205: result: yes
configure:7205: checking for memory.h
configure:7205: gcc -c -g -O2  conftest.c >&5
configure:7205: $? = 0
configure:7205: result: yes
configure:7205: checking for strings.h
configure:7205: gcc -c -g -O2  conftest.c >&5
configure:7205: $? = 0
configure:7205: result: yes
configure:7205: checking for inttypes.h
configure:7205: gcc -c -g -O2  conftest.c >&5
configure:7205: $? = 0
configure:7205: result: yes
configure:7205: checking for stdint.h
configure:7205: gcc -c -g -O2  conftest.c >&5
configure:7205: $? = 0
configure:7205: result: yes
configure:7205: checking for unistd.h
configure:7205: gcc -c -g -O2  conftest.c >&5
configure:7205: $? = 0
configure:7205: result: yes
configure:7219: checking for dlfcn.h
configure:7219: gcc -c -g -O2  conftest.c >&5
configure:7219: $? = 0
configure:7219: result: yes
configure:7475: checking for objdir
configure:7490: result: .libs
configure:7754: checking if gcc supports -fno-rtti -fno-exceptions
configure:7772: gcc -c -g -O2  -fno-rtti -fno-exceptions conftest.c >&5
cc1: warning: command-line option '-fno-rtti' is valid for C++/D/ObjC++ but not for C
configure:7776: $? = 0
configure:7789: result: no
configure:8147: checking for gcc option to produce PIC
configure:8154: result: -fPIC -DPIC
configure:8162: checking if gcc PIC flag -fPIC -DPIC works
configure:8180: gcc -c -g -O2  -fPIC -DPIC -DPIC conftest.c >&5
configure:8184: $? = 0
configure:8197: result: yes
configure:8226: checking if gcc static flag -static works
configure:8254: result: yes
configure:8269: checking if gcc supports -c -o file.o
configure:8290: gcc -c -g -O2  -o out/conftest2.o conftest.c >&5
configure:8294: $? = 0
configure:8316: result: yes
configure:8324: checking if gcc supports -c -o file.o
configure:8371: result: yes
configure:8404: checking whether the gcc linker (/usr/bin/ld -m elf_x86_64) supports shared libraries
configure:9663: result: yes
configure:9700: checking whether -lc should be explicitly linked in
configure:9708: gcc -c -g -O2  conftest.c >&5
configure:9711: $? = 0
configure:9726: gcc -shared  -fPIC -DPIC conftest.o  -v -Wl,-soname -Wl,conftest -o conftest 2\>\&1 \| /usr/bin/grep  -lc  \>/dev/null 2\>\&1
configure:9729: $? = 0
configure:9743: result: no
configure:9903: checking dynamic linker characteristics
configure:10497: gcc -o conftest -g -O2   -Wl,-rpath -Wl,/foo conftest.c  >&5
configure:10497: $? = 0
configure:10734: result: GNU/Linux ld.so
configure:10856: checking how to hardcode library paths into programs
configure:10881: result: immediate
configure:11429: checking whether stripping libraries is possible
configure:11434: result: yes
configure:11469: checking if libtool supports shared libraries
configure:11471: result: yes
configure:11474: checking whether to build shared libraries
configure:11499: result: yes
configure:11502: checking whether to build static libraries
configure:11506: result: yes
configure:11559: checking for a BSD-compatible install
configure:11627: result: /usr/bin/install -c
configure:11638: checking whether build environment is sane
configure:11693: result: yes
configure:11841: checking for a thread-safe mkdir -p
configure:11880: result: /usr/bin/mkdir -p
configure:11883: checking whether make sets $(MAKE)
configure:11905: result: yes
configure:11935: checking for style of include used by make
configure:11963: result: GNU
configure:11997: checking whether make supports nested variables
configure:12014: result: yes
configure:12094: checking whether UID '1000' is supported by ustar format
configure:12097: result: yes
configure:12104: checking whether GID '1000' is supported by ustar format
configure:12107: result: yes
configure:12115: checking how to create a ustar tar archive
configure:12126: tar --version
tar (GNU tar) 1.34
Copyright (C) 2021 Free Software Foundation, Inc.
License GPLv3+: GNU GPL version 3 or later <https://gnu.org/licenses/gpl.html>.
This is free software: you are free to change and redistribute it.
There is NO WARRANTY, to the extent permitted by law.

Written by John Gilmore and Jay Fenlason.
configure:12129: $? = 0
configure:12169: tardir=conftest.dir && eval tar --format=ustar -chf - "$tardir" >conftest.tar
configure:12172: $? = 0
configure:12176: tar -xf - <conftest.tar
configure:12179: $? = 0
configure:12181: cat conftest.dir/file
GrepMe
configure:12184: $? = 0
configure:12197: result: gnutar
configure:12206: checking dependency style of gcc
configure:12317: result: gcc3
configure:12376: checking if pointers to integers require aligned access
configure:12406: gcc -o conftest -g -O2   conftest.c  >&5
conftest.c: In function 'main':
conftest.c:29:33: error: expected expression before '[' token
   29 |   for (i=0; i < 40; i++) string[[i]] = i;
      |                                 ^
configure:12406: $? = 1
configure: program exited with status 1
configure: failed program was:
| /* confdefs.h */
| #define PACKAGE_NAME "Xdelta3"
| #define PACKAGE_TARNAME "xdelta3"
| #define PACKAGE_VERSION "3.0.11"
| #define PACKAGE_STRING "Xdelta3 3.0.11"
| #define PACKAGE_BUGREPORT "josh.macdonald@gmail.com"
| #define PACKAGE_URL "http://xdelta.org/"
| #define STDC_HEADERS 1
| #define HAVE_SYS_TYPES_H 1
| #define HAVE_SYS_STAT_H 1
| #define HAVE_STDLIB_H 1
| #define HAVE_STRING_H 1
| #define HAVE_MEMORY_H 1
| #define HAVE_STRINGS_H 1
| #define HAVE_INTTYPES_H 1
| #define HAVE_STDINT_H 1
| #define HAVE_UNISTD_H 1
| #define HAVE_DLFCN_H 1
| #define LT_OBJDIR ".libs/"
| /* end confdefs.h.  */
| 
| #include <stdio.h>
| #include <stdlib.h>
| 
| int main()
| {
|   char* string = malloc(40);
|   int i;
|   for (i=0; i < 40; i++) string[[i]] = i;
|   {
|      void* s = string;
|      int* p = s+1;
|      int* q = s+2;
| 
|      if (*p == *q) { return 1; }
|   }
|   return 0;
| }
| 
configure:12417: result: no
configure:12473: checking for gcc
configure:12500: result: gcc
configure:12729: checking for C compiler version
configure:12738: gcc --version >&5
gcc (Ubuntu 11.2.0-19ubuntu1) 11.2.0
Copyright (C) 2021 Free Software Foundation, Inc.
This is free software; see the source for copying conditions.  There is NO
warranty; not even for MERCHANTABILITY or FITNESS FOR A PARTICULAR PURPOSE.

configure:12749: $? = 0
configure:12738: gcc -v >&5
Using built-in specs.
COLLECT_GCC=gcc
COLLECT_LTO_WRAPPER=/usr/lib/gcc/x86_64-linux-gnu/11/lto-wrapper
OFFLOAD_TARGET_NAMES=nvptx-none:amdgcn-amdhsa
OFFLOAD_TARGET_DEFAULT=1
Target: x86_64-linux-gnu
Configured with: ../src/configure -v --with-pkgversion='Ubuntu 11.2.0-19ubuntu1' --with-bugurl=file:///usr/share/doc/gcc-11/README.Bugs --enable-languages=c,ada,c++,go,brig,d,fortran,objc,obj-c++,m2 --prefix=/usr --with-gcc-major-version-only --program-suffix=-11 --program-prefix=x86_64-linux-gnu- --enable-shared --enable-linker-build-id --libexecdir=/usr/lib --without-included-gettext --enable-threads=posix --libdir=/usr/lib --enable-nls --enable-bootstrap --enable-clocale=gnu --enable-libstdcxx-debug --enable-libstdcxx-time=yes --with-default-libstdcxx-abi=new --enable-gnu-unique-object --disable-vtable-verify --enable-plugin --enable-default-pie --with-system-zlib --enable-libphobos-checking=release --with-target-system-zlib=auto --enable-objc-gc=auto --enable-multiarch --disable-werror --enable-cet --with-arch-32=i686 --with-abi=m64 --with-multilib-list=m32,m64,mx32 --enable-multilib --with-tune=generic --enable-offload-targets=nvptx-none=/build/gcc-11-gBFGDP/gcc-11-11.2.0/debian/tmp-nvptx/usr,amdgcn-amdhsa=/build/gcc-11-gBFGDP/gcc-11-11.2.0/debian/tmp-gcn/usr --without-cuda-driver --enable-checking=release --build=x86_64-linux-gnu --host=x86_64-linux-gnu --target=x86_64-linux-gnu --with-build-config=bootstrap-lto-lean --enable-link-serialization=2
Thread model: posix
Supported LTO compression algorithms: zlib zstd
gcc version 11.2.0 (Ubuntu 11.2.0-19ubuntu1) 
... rest of stderr output deleted ...
configure:12749: $? = 0
configure:12738: gcc -V >&5
gcc: error: unrecognized command-line option '-V'
gcc: fatal error: no input files
compilation terminated.
configure:12749: $? = 1
configure:12738: gcc -qversion >&5
gcc: error: unrecognized command-line option '-qversion'; did you mean '--version'?
gcc: fatal error: no input files
compilation terminated.
configure:12749: $? = 1
configure:12753: checking whether we are using the GNU C compiler
configure:12781: result: yes
configure:12790: checking whether gcc accepts -g
configure:12851: result: yes
configure:12868: checking for gcc option to accept ISO C89
configure:12944: result: none needed
configure:12969: checking whether gcc understands -c and -o together
configure:13006: result: yes
configure:13081: checking for g++
configure:13111: result: no
configure:13081: checking for c++
configure:13111: result: no
configure:13081: checking for gpp
configure:13111: result: no
configure:13081: checking for aCC
configure:13111: result: no
configure:13081: checking for CC
configure:13111: result: no
configure:13081: checking for cxx
configure:13111: result: no
configure:13081: checking for cc++
configure:13111: result: no
configure:13081: checking for cl.exe
configure:13111: result: no
configure:13081: checking for FCC
configure:13111: result: no
configure:13081: checking for KCC
configure:13111: result: no
configure:13081: checking for RCC
configure:13111: result: no
configure:13081: checking for xlC_r
configure:13111: result: no
configure:13081: checking for xlC
configure:13111: result: no
configure:13135: checking for C++ compiler version
configure:13144: g++ --version >&5
./configure: line 13146: g++: command not found
configure:13155: $? = 127
configure:13144: g++ -v >&5
./configure: line 13146: g++: command not found
configure:13155: $? = 127
configure:13144: g++ -V >&5
./configure: line 13146: g++: command not found
configure:13155: $? = 127
configure:13144: g++ -qversion >&5
./configure: line 13146: g++: command not found
configure:13155: $? = 127
configure:13159: checking whether we are using the GNU C++ compiler
configure:13178: g++ -c   conftest.cpp >&5
./configure: line 1805: g++: command not found
configure:13178: $? = 127
configure: failed program was:
| /* confdefs.h */
| #define PACKAGE_NAME "Xdelta3"
| #define PACKAGE_TARNAME "xdelta3"
| #define PACKAGE_VERSION "3.0.11"
| #define PACKAGE_STRING "Xdelta3 3.0.11"
| #define PACKAGE_BUGREPORT "josh.macdonald@gmail.com"
| #define PACKAGE_URL "http://xdelta.org/"
| #define STDC_HEADERS 1
| #define HAVE_SYS_TYPES_H 1
| #define HAVE_SYS_STAT_H 1
| #define HAVE_STDLIB_H 1
| #define HAVE_STRING_H 1
| #define HAVE_MEMORY_H 1
| #define HAVE_STRINGS_H 1
| #define HAVE_INTTYPES_H 1
| #define HAVE_STDINT_H 1
| #define HAVE_UNISTD_H 1
| #define HAVE_DLFCN_H 1
| #define LT_OBJDIR ".libs/"
| /* end confdefs.h.  */
| 
| int
| main ()
| {
| #ifndef __GNUC__
|        choke me
| #endif
| 
|   ;
|   return 0;
| }
configure:13187: result: no
configure:13196: checking whether g++ accepts -g
configure:13216: g++ -c -g  conftest.cpp >&5
./configure: line 1805: g++: command not found
configure:13216: $? = 127
configure: failed program was:
| /* confdefs.h */
| #define PACKAGE_NAME "Xdelta3"
| #define PACKAGE_TARNAME "xdelta3"
| #define PACKAGE_VERSION "3.0.11"
| #define PACKAGE_STRING "Xdelta3 3.0.11"
| #define PACKAGE_BUGREPORT "josh.macdonald@gmail.com"
| #define PACKAGE_URL "http://xdelta.org/"
| #define STDC_HEADERS 1
| #define HAVE_SYS_TYPES_H 1
| #define HAVE_SYS_STAT_H 1
| #define HAVE_STDLIB_H 1
| #define HAVE_STRING_H 1
| #define HAVE_MEMORY_H 1
| #define HAVE_STRINGS_H 1
| #define HAVE_INTTYPES_H 1
| #define HAVE_STDINT_H 1
| #define HAVE_UNISTD_H 1
| #define HAVE_DLFCN_H 1
| #define LT_OBJDIR ".libs/"
| /* end confdefs.h.  */
| 
| int
| main ()
| {
| 
|   ;
|   return 0;
| }
configure:13231: g++ -c   conftest.cpp >&5
./configure: line 1805: g++: command not found
configure:13231: $? = 127
configure: failed program was:
| /* confdefs.h */
| #define PACKAGE_NAME "Xdelta3"
| #define PACKAGE_TARNAME "xdelta3"
| #define PACKAGE_VERSION "3.0.11"
| #define PACKAGE_STRING "Xdelta3 3.0.11"
| #define PACKAGE_BUGREPORT "josh.macdonald@gmail.com"
| #define PACKAGE_URL "http://xdelta.org/"
| #define STDC_HEADERS 1
| #define HAVE_SYS_TYPES_H 1
| #define HAVE_SYS_STAT_H 1
| #define HAVE_STDLIB_H 1
| #define HAVE_STRING_H 1
| #define HAVE_MEMORY_H 1
| #define HAVE_STRINGS_H 1
| #define HAVE_INTTYPES_H 1
| #define HAVE_STDINT_H 1
| #define HAVE_UNISTD_H 1
| #define HAVE_DLFCN_H 1
| #define LT_OBJDIR ".libs/"
| /* end confdefs.h.  */
| 
| int
| main ()
| {
| 
|   ;
|   return 0;
| }
configure:13247: g++ -c -g  conftest.cpp >&5
./configure: line 1805: g++: command not found
configure:13247: $? = 127
configure: failed program was:
| /* confdefs.h */
| #define PACKAGE_NAME "Xdelta3"
| #define PACKAGE_TARNAME "xdelta3"
| #define PACKAGE_VERSION "3.0.11"
| #define PACKAGE_STRING "Xdelta3 3.0.11"
| #define PACKAGE_BUGREPORT "josh.macdonald@gmail.com"
| #define PACKAGE_URL "http://xdelta.org/"
| #define STDC_HEADERS 1
| #define HAVE_SYS_TYPES_H 1
| #define HAVE_SYS_STAT_H 1
| #define HAVE_STDLIB_H 1
| #define HAVE_STRING_H 1
| #define HAVE_MEMORY_H 1
| #define HAVE_STRINGS_H 1
| #define HAVE_INTTYPES_H 1
| #define HAVE_STDINT_H 1
| #define HAVE_UNISTD_H 1
| #define HAVE_DLFCN_H 1
| #define LT_OBJDIR ".libs/"
| /* end confdefs.h.  */
| 
| int
| main ()
| {
| 
|   ;
|   return 0;
| }
configure:13257: result: no
configure:16610: checking dependency style of g++
configure:16721: result: none
configure:16741: checking size of size_t
configure:16746: gcc -o conftest -g -O2   conftest.c  >&5
configure:16746: $? = 0
configure:16746: ./conftest
configure:16746: $? = 0
configure:16760: result: 8
configure:16774: checking size of unsigned int
configure:16779: gcc -o conftest -g -O2   conftest.c  >&5
configure:16779: $? = 0
configure:16779: ./conftest
configure:16779: $? = 0
configure:16793: result: 4
configure:16807: checking size of unsigned long
configure:16812: gcc -o conftest -g -O2   conftest.c  >&5
configure:16812: $? = 0
configure:16812: ./conftest
configure:16812: $? = 0
configure:16826: result: 8
configure:16840: checking size of unsigned long long
configure:16845: gcc -o conftest -g -O2   conftest.c  >&5
configure:16845: $? = 0
configure:16845: ./conftest
configure:16845: $? = 0
configure:16859: result: 8
configure:16882: checking lzma.h usability
configure:16882: gcc -c -g -O2  conftest.c >&5
conftest.c:58:10: fatal error: lzma.h: No such file or directory
   58 | #include <lzma.h>
      |          ^~~~~~~~
compilation terminated.
configure:16882: $? = 1
configure: failed program was:
| /* confdefs.h */
| #define PACKAGE_NAME "Xdelta3"
| #define PACKAGE_TARNAME "xdelta3"
| #define PACKAGE_VERSION "3.0.11"
| #define PACKAGE_STRING "Xdelta3 3.0.11"
| #define PACKAGE_BUGREPORT "josh.macdonald@gmail.com"
| #define PACKAGE_URL "http://xdelta.org/"
| #define STDC_HEADERS 1
| #define HAVE_SYS_TYPES_H 1
| #define HAVE_SYS_STAT_H 1
| #define HAVE_STDLIB_H 1
| #define HAVE_STRING_H 1
| #define HAVE_MEMORY_H 1
| #define HAVE_STRINGS_H 1
| #define HAVE_INTTYPES_H 1
| #define HAVE_STDINT_H 1
| #define HAVE_UNISTD_H 1
| #define HAVE_DLFCN_H 1
| #define LT_OBJDIR ".libs/"
| #define SIZEOF_SIZE_T 8
| #define SIZEOF_UNSIGNED_INT 4
| #define SIZEOF_UNSIGNED_LONG 8
| #define SIZEOF_UNSIGNED_LONG_LONG 8
| /* end confdefs.h.  */
| #include <stdio.h>
| #ifdef HAVE_SYS_TYPES_H
| # include <sys/types.h>
| #endif
| #ifdef HAVE_SYS_STAT_H
| # include <sys/stat.h>
| #endif
| #ifdef STDC_HEADERS
| # include <stdlib.h>
| # include <stddef.h>
| #else
| # ifdef HAVE_STDLIB_H
| #  include <stdlib.h>
| # endif
| #endif
| #ifdef HAVE_STRING_H
| # if !defined STDC_HEADERS && defined HAVE_MEMORY_H
| #  include <memory.h>
| # endif
| # include <string.h>
| #endif
| #ifdef HAVE_STRINGS_H
| # include <strings.h>
| #endif
| #ifdef HAVE_INTTYPES_H
| # include <inttypes.h>
| #endif
| #ifdef HAVE_STDINT_H
| # include <stdint.h>
| #endif
| #ifdef HAVE_UNISTD_H
| # include <unistd.h>
| #endif
| #include <lzma.h>
configure:16882: result: no
configure:16882: checking lzma.h presence
configure:16882: gcc -E  conftest.c
conftest.c:25:10: fatal error: lzma.h: No such file or directory
   25 | #include <lzma.h>
      |          ^~~~~~~~
compilation terminated.
configure:16882: $? = 1
configure: failed program was:
| /* confdefs.h */
| #define PACKAGE_NAME "Xdelta3"
| #define PACKAGE_TARNAME "xdelta3"
| #define PACKAGE_VERSION "3.0.11"
| #define PACKAGE_STRING "Xdelta3 3.0.11"
| #define PACKAGE_BUGREPORT "josh.macdonald@gmail.com"
| #define PACKAGE_URL "http://xdelta.org/"
| #define STDC_HEADERS 1
| #define HAVE_SYS_TYPES_H 1
| #define HAVE_SYS_STAT_H 1
| #define HAVE_STDLIB_H 1
| #define HAVE_STRING_H 1
| #define HAVE_MEMORY_H 1
| #define HAVE_STRINGS_H 1
| #define HAVE_INTTYPES_H 1
| #define HAVE_STDINT_H 1
| #define HAVE_UNISTD_H 1
| #define HAVE_DLFCN_H 1
| #define LT_OBJDIR ".libs/"
| #define SIZEOF_SIZE_T 8
| #define SIZEOF_UNSIGNED_INT 4
| #define SIZEOF_UNSIGNED_LONG 8
| #define SIZEOF_UNSIGNED_LONG_LONG 8
| /* end confdefs.h.  */
| #include <lzma.h>
configure:16882: result: no
configure:16882: checking for lzma.h
configure:16882: result: no
configure:16900: checking for lzma_easy_buffer_encode in -llzma
configure:16925: gcc -o conftest -g -O2   conftest.c -llzma   >&5
/usr/bin/ld: cannot find -llzma: No such file or directory
collect2: error: ld returned 1 exit status
configure:16925: $? = 1
configure: failed program was:
| /* confdefs.h */
| #define PACKAGE_NAME "Xdelta3"
| #define PACKAGE_TARNAME "xdelta3"
| #define PACKAGE_VERSION "3.0.11"
| #define PACKAGE_STRING "Xdelta3 3.0.11"
| #define PACKAGE_BUGREPORT "josh.macdonald@gmail.com"
| #define PACKAGE_URL "http://xdelta.org/"
| #define STDC_HEADERS 1
| #define HAVE_SYS_TYPES_H 1
| #define HAVE_SYS_STAT_H 1
| #define HAVE_STDLIB_H 1
| #define HAVE_STRING_H 1
| #define HAVE_MEMORY_H 1
| #define HAVE_STRINGS_H 1
| #define HAVE_INTTYPES_H 1
| #define HAVE_STDINT_H 1
| #define HAVE_UNISTD_H 1
| #define HAVE_DLFCN_H 1
| #define LT_OBJDIR ".libs/"
| #define SIZEOF_SIZE_T 8
| #define SIZEOF_UNSIGNED_INT 4
| #define SIZEOF_UNSIGNED_LONG 8
| #define SIZEOF_UNSIGNED_LONG_LONG 8
| /* end confdefs.h.  */
| 
| /* Override any GCC internal prototype to avoid an error.
|    Use char because int might match the return type of a GCC
|    builtin and then its argument prototype would still apply.  */
| #ifdef __cplusplus
| extern "C"
| #endif
| char lzma_easy_buffer_encode ();
| int
| main ()
| {
| return lzma_easy_buffer_encode ();
|   ;
|   return 0;
| }
configure:16934: result: no
configure:17082: checking that generated files are newer than configure
configure:17088: result: done
configure:17119: creating ./config.status

## ---------------------- ##
## Running config.status. ##
## ---------------------- ##

This file was extended by Xdelta3 config.status 3.0.11, which was
generated by GNU Autoconf 2.69.  Invocation command line was

  CONFIG_FILES    = 
  CONFIG_HEADERS  = 
  CONFIG_LINKS    = 
  CONFIG_COMMANDS = 
  $ ./config.status 

on DESKTOP-BE1QLFQ

config.status:1151: creating Makefile
config.status:1151: creating config.h
config.status:1380: executing libtool commands
config.status:1380: executing depfiles commands

## ---------------- ##
## Cache variables. ##
## ---------------- ##

ac_cv_build=x86_64-unknown-linux-gnu
ac_cv_c_compiler_gnu=yes
ac_cv_cxx_compiler_gnu=no
ac_cv_env_CCC_set=
ac_cv_env_CCC_value=
ac_cv_env_CC_set=
ac_cv_env_CC_value=
ac_cv_env_CFLAGS_set=
ac_cv_env_CFLAGS_value=
ac_cv_env_CPPFLAGS_set=
ac_cv_env_CPPFLAGS_value=
ac_cv_env_CPP_set=
ac_cv_env_CPP_value=
ac_cv_env_CXXCPP_set=
ac_cv_env_CXXCPP_value=
ac_cv_env_CXXFLAGS_set=
ac_cv_env_CXXFLAGS_value=
ac_cv_env_CXX_set=
ac_cv_env_CXX_value=
ac_cv_env_LDFLAGS_set=
ac_cv_env_LDFLAGS_value=
ac_cv_env_LIBS_set=
ac_cv_env_LIBS_value=
ac_cv_env_LT_SYS_LIBRARY_PATH_set=
ac_cv_env_LT_SYS_LIBRARY_PATH_value=
ac_cv_env_build_alias_set=
ac_cv_env_build_alias_value=
ac_cv_env_host_alias_set=
ac_cv_env_host_alias_value=
ac_cv_env_target_alias_set=
ac_cv_env_target_alias_value=
ac_cv_header_dlfcn_h=yes
ac_cv_header_inttypes_h=yes
ac_cv_header_lzma_h=no
ac_cv_header_memory_h=yes
ac_cv_header_stdc=yes
ac_cv_header_stdint_h=yes
ac_cv_header_stdlib_h=yes
ac_cv_header_string_h=yes
ac_cv_header_strings_h=yes
ac_cv_header_sys_stat_h=yes
ac_cv_header_sys_types_h=yes
ac_cv_header_unistd_h=yes
ac_cv_host=x86_64-unknown-linux-gnu
ac_cv_lib_lzma_lzma_easy_buffer_encode=no
ac_cv_objext=o
ac_cv_path_EGREP='/usr/bin/grep -E'
ac_cv_path_FGREP='/usr/bin/grep -F'
ac_cv_path_GREP=/usr/bin/grep
ac_cv_path_SED=/usr/bin/sed
ac_cv_path_install='/usr/bin/install -c'
ac_cv_path_lt_DD=/usr/bin/dd
ac_cv_path_mkdir=/usr/bin/mkdir
ac_cv_prog_AWK=gawk
ac_cv_prog_CPP='gcc -E'
ac_cv_prog_ac_ct_AR=ar
ac_cv_prog_ac_ct_CC=gcc
ac_cv_prog_ac_ct_MANIFEST_TOOL=mt
ac_cv_prog_ac_ct_OBJDUMP=objdump
ac_cv_prog_ac_ct_RANLIB=ranlib
ac_cv_prog_ac_ct_STRIP=strip
ac_cv_prog_cc_c89=
ac_cv_prog_cc_g=yes
ac_cv_prog_cxx_g=no
ac_cv_prog_make_make_set=yes
ac_cv_sizeof_size_t=8
ac_cv_sizeof_unsigned_int=4
ac_cv_sizeof_unsigned_long=8
ac_cv_sizeof_unsigned_long_long=8
am_cv_CC_dependencies_compiler_type=gcc3
am_cv_CXX_dependencies_compiler_type=none
am_cv_make_support_nested_variables=yes
am_cv_prog_cc_c_o=yes
am_cv_prog_tar_ustar=gnutar
ax_cv_have_aligned_access_required=no
lt_cv_ar_at_file=@
lt_cv_archive_cmds_need_lc=no
lt_cv_deplibs_check_method=pass_all
lt_cv_file_magic_cmd='$MAGIC_CMD'
lt_cv_file_magic_test_file=
lt_cv_ld_reload_flag=-r
lt_cv_nm_interface='BSD nm'
lt_cv_objdir=.libs
lt_cv_path_LD=/usr/bin/ld
lt_cv_path_NM='/usr/bin/nm -B'
lt_cv_path_mainfest_tool=no
lt_cv_prog_compiler_c_o=yes
lt_cv_prog_compiler_pic='-fPIC -DPIC'
lt_cv_prog_compiler_pic_works=yes
lt_cv_prog_compiler_rtti_exceptions=no
lt_cv_prog_compiler_static_works=yes
lt_cv_prog_gnu_ld=yes
lt_cv_sharedlib_from_linklib_cmd='printf %s\n'
lt_cv_shlibpath_overrides_runpath=yes
lt_cv_sys_global_symbol_pipe='sed -n -e '\''s/^.*[	 ]\([ABCDGIRSTW][ABCDGIRSTW]*\)[	 ][	 ]*\([_A-Za-z][_A-Za-z0-9]*\)$/\1 \2 \2/p'\'' | sed '\''/ __gnu_lto/d'\'''
lt_cv_sys_global_symbol_to_c_name_address='sed -n -e '\''s/^: \(.*\) .*$/  {"\1", (void *) 0},/p'\'' -e '\''s/^[ABCDGIRSTW][ABCDGIRSTW]* .* \(.*\)$/  {"\1", (void *) \&\1},/p'\'''
lt_cv_sys_global_symbol_to_c_name_address_lib_prefix='sed -n -e '\''s/^: \(.*\) .*$/  {"\1", (void *) 0},/p'\'' -e '\''s/^[ABCDGIRSTW][ABCDGIRSTW]* .* \(lib.*\)$/  {"\1", (void *) \&\1},/p'\'' -e '\''s/^[ABCDGIRSTW][ABCDGIRSTW]* .* \(.*\)$/  {"lib\1", (void *) \&\1},/p'\'''
lt_cv_sys_global_symbol_to_cdecl='sed -n -e '\''s/^T .* \(.*\)$/extern int \1();/p'\'' -e '\''s/^[ABCDGIRSTW][ABCDGIRSTW]* .* \(.*\)$/extern char \1;/p'\'''
lt_cv_sys_global_symbol_to_import=
lt_cv_sys_max_cmd_len=1572864
lt_cv_to_host_file_cmd=func_convert_file_noop
lt_cv_to_tool_file_cmd=func_convert_file_noop
lt_cv_truncate_bin='/usr/bin/dd bs=4096 count=1'

## ----------------- ##
## Output variables. ##
## ----------------- ##

ACLOCAL='${SHELL} /mnt/f/repos/xdelta3-3.0.11-dfsg/missing aclocal-1.15'
AMDEPBACKSLASH='\'
AMDEP_FALSE='#'
AMDEP_TRUE=''
AMTAR='$${TAR-tar}'
AM_BACKSLASH='\'
AM_DEFAULT_V='$(AM_DEFAULT_VERBOSITY)'
AM_DEFAULT_VERBOSITY='1'
AM_V='$(V)'
AR='ar'
AUTOCONF='${SHELL} /mnt/f/repos/xdelta3-3.0.11-dfsg/missing autoconf'
AUTOHEADER='${SHELL} /mnt/f/repos/xdelta3-3.0.11-dfsg/missing autoheader'
AUTOMAKE='${SHELL} /mnt/f/repos/xdelta3-3.0.11-dfsg/missing automake-1.15'
AWK='gawk'
CC='gcc'
CCDEPMODE='depmode=gcc3'
CFLAGS='-g -O2'
CPP='gcc -E'
CPPFLAGS=''
CXX='g++'
CXXCPP=''
CXXDEPMODE='depmode=none'
CXXFLAGS=''
CYGPATH_W='echo'
DEBUG_SYMBOLS_FALSE=''
DEBUG_SYMBOLS_TRUE='#'
DEFS='-DHAVE_CONFIG_H'
DEPDIR='.deps'
DLLTOOL='false'
DSYMUTIL=''
DUMPBIN=''
ECHO_C=''
ECHO_N='-n'
ECHO_T=''
EGREP='/usr/bin/grep -E'
EXEEXT=''
FGREP='/usr/bin/grep -F'
GREP='/usr/bin/grep'
INSTALL_DATA='${INSTALL} -m 644'
INSTALL_PROGRAM='${INSTALL}'
INSTALL_SCRIPT='${INSTALL}'
INSTALL_STRIP_PROGRAM='$(install_sh) -c -s'
LD='/usr/bin/ld -m elf_x86_64'
LDFLAGS=''
LIBOBJS=''
LIBS=''
LIBTOOL='$(SHELL) $(top_builddir)/libtool'
LIPO=''
LN_S='cp -pR'
LTLIBOBJS=''
LT_SYS_LIBRARY_PATH=''
MAKEINFO='${SHELL} /mnt/f/repos/xdelta3-3.0.11-dfsg/missing makeinfo'
MANIFEST_TOOL=':'
MKDIR_P='/usr/bin/mkdir -p'
NM='/usr/bin/nm -B'
NMEDIT=''
OBJDUMP='objdump'
OBJEXT='o'
OTOOL64=''
OTOOL=''
PACKAGE='xdelta3'
PACKAGE_BUGREPORT='josh.macdonald@gmail.com'
PACKAGE_NAME='Xdelta3'
PACKAGE_STRING='Xdelta3 3.0.11'
PACKAGE_TARNAME='xdelta3'
PACKAGE_URL='http://xdelta.org/'
PACKAGE_VERSION='3.0.11'
PATH_SEPARATOR=':'
RANLIB='ranlib'
SED='/usr/bin/sed'
SET_MAKE=''
SHELL='/bin/bash'
STRIP='strip'
VERSION='3.0.11'
ac_ct_AR='ar'
ac_ct_CC='gcc'
ac_ct_CXX=''
ac_ct_DUMPBIN=''
am__EXEEXT_FALSE=''
am__EXEEXT_TRUE='#'
am__fastdepCC_FALSE='#'
am__fastdepCC_TRUE=''
am__fastdepCXX_FALSE=''
am__fastdepCXX_TRUE='#'
am__include='include'
am__isrc=''
am__leading_dot='.'
am__nodep='_no'
am__quote=''
am__tar='tar --format=ustar -chf - "$$tardir"'
am__untar='tar -xf -'
bindir='${exec_prefix}/bin'
build='x86_64-unknown-linux-gnu'
build_alias=''
build_cpu='x86_64'
build_os='linux-gnu'
build_vendor='unknown'
datadir='${datarootdir}'
datarootdir='${prefix}/share'
docdir='${datarootdir}/doc/${PACKAGE_TARNAME}'
dvidir='${docdir}'
exec_prefix='${prefix}'
host='x86_64-unknown-linux-gnu'
host_alias=''
host_cpu='x86_64'
host_os='linux-gnu'
host_vendor='unknown'
htmldir='${docdir}'
includedir='${prefix}/include'
infodir='${datarootdir}/info'
install_sh='${SHELL} /mnt/f/repos/xdelta3-3.0.11-dfsg/install-sh'
libdir='${exec_prefix}/lib'
libexecdir='${exec_prefix}/libexec'
localedir='${datarootdir}/locale'
localstatedir='${prefix}/var'
mandir='${datarootdir}/man'
mkdir_p='$(MKDIR_P)'
oldincludedir='/usr/include'
pdfdir='${docdir}'
prefix='/usr/local'
program_transform_name='s,x,x,'
psdir='${docdir}'
sbindir='${exec_prefix}/sbin'
sharedstatedir='${prefix}/com'
sysconfdir='${prefix}/etc'
target_alias=''

## ----------- ##
## confdefs.h. ##
## ----------- ##

/* confdefs.h */
#define PACKAGE_NAME "Xdelta3"
#define PACKAGE_TARNAME "xdelta3"
#define PACKAGE_VERSION "3.0.11"
#define PACKAGE_STRING "Xdelta3 3.0.11"
#define PACKAGE_BUGREPORT "josh.macdonald@gmail.com"
#define PACKAGE_URL "http://xdelta.org/"
#define STDC_HEADERS 1
#define HAVE_SYS_TYPES_H 1
#define HAVE_SYS_STAT_H 1
#define HAVE_STDLIB_H 1
#define HAVE_STRING_H 1
#define HAVE_MEMORY_H 1
#define HAVE_STRINGS_H 1
#define HAVE_INTTYPES_H 1
#define HAVE_STDINT_H 1
#define HAVE_UNISTD_H 1
#define HAVE_DLFCN_H 1
#define LT_OBJDIR ".libs/"
#define SIZEOF_SIZE_T 8
#define SIZEOF_UNSIGNED_INT 4
#define SIZEOF_UNSIGNED_LONG 8
#define SIZEOF_UNSIGNED_LONG_LONG 8

configure: exit 0
